0 info it worked if it ends with ok
1 verbose cli [ '/usr/bin/nodejs', '/usr/bin/npm', 'install' ]
2 info using npm@2.15.9
3 info using node@v4.5.0
4 verbose config Skipping project config: /home/saad/.npmrc. (matches userconfig)
5 verbose readDependencies loading dependencies from /home/saad/package.json
6 error install Couldn't read dependencies
7 verbose stack Error: ENOENT: no such file or directory, open '/home/saad/package.json'
7 verbose stack     at Error (native)
8 verbose cwd /home/saad/contact_list_app
9 error Linux 4.2.0-27-generic
10 error argv "/usr/bin/nodejs" "/usr/bin/npm" "install"
11 error node v4.5.0
12 error npm  v2.15.9
13 error path /home/saad/package.json
14 error code ENOPACKAGEJSON
15 error errno -2
16 error syscall open
17 error package.json ENOENT: no such file or directory, open '/home/saad/package.json'
17 error package.json This is most likely not a problem with npm itself.
17 error package.json npm can't find a package.json file in your current directory.
18 verbose exit [ -2, true ]
